<?xml version="1.0" encoding="UTF-8"?>
<!-- Generated by org.testng.reporters.JUnitReportReporter -->
<testsuite hostname="admin-PC" name="pkg.Ppassing" tests="2" failures="0" timestamp="12 Nov 2019 11:32:07 GMT" time="40.900" errors="0">
  <testcase name="openBrowser" time="25.434" classname="pkg.Ppassing"/>
  <testcase name="openBrowser" time="15.466" classname="pkg.Ppassing"/>
</testsuite> <!-- pkg.Ppassing -->
