<?xml version="1.0" encoding="UTF-8"?>
<!-- Generated by org.testng.reporters.JUnitReportReporter -->
<testsuite hostname="admin-PC" name="pkg.Ppassing" tests="1" failures="0" timestamp="12 Nov 2019 13:31:59 GMT" time="17.994" errors="0">
  <testcase name="openBrowser" time="17.994" classname="pkg.Ppassing"/>
</testsuite> <!-- pkg.Ppassing -->
